# JRE version: Java(TM) SE Runtime Environment (8.0_121-b13) (build 1.8.0_121-b13)
# Java VM: Java HotSpot(TM) 64-Bit Server VM (25.121-b13 mixed mode windows-amd64 compressed oops)
Heap:
 PSYoungGen      total 95744K, used 44729K [0x00000000e3700000, 0x00000000ea500000, 0x0000000100000000)
  eden space 84992K, 39% used [0x00000000e3700000,0x00000000e582e628,0x00000000e8a00000)
  from space 10752K, 100% used [0x00000000e9680000,0x00000000ea100000,0x00000000ea100000)
  to   space 12800K, 0% used [0x00000000e8a00000,0x00000000e8a00000,0x00000000e9680000)
 ParOldGen       total 58880K, used 14931K [0x00000000aa400000, 0x00000000add80000, 0x00000000e3700000)
  object space 58880K, 25% used [0x00000000aa400000,0x00000000ab294c70,0x00000000add80000)
 Metaspace       used 16688K, capacity 17094K, committed 17280K, reserved 1064960K
  class space    used 1980K, capacity 2117K, committed 2176K, reserved 1048576K
GC Heap History (10 events):
Event: 38.403 GC heap before
{Heap before GC invocations=4 (full 0):
 PSYoungGen      total 25600K, used 25584K [0x00000000e3700000, 0x00000000e5380000, 0x0000000100000000)
  eden space 22016K, 100% used [0x00000000e3700000,0x00000000e4c80000,0x00000000e4c80000)
  from space 3584K, 99% used [0x00000000e4c80000,0x00000000e4ffc010,0x00000000e5000000)
  to   space 3584K, 0% used [0x00000000e5000000,0x00000000e5000000,0x00000000e5380000)
 ParOldGen       total 58880K, used 3899K [0x00000000aa400000, 0x00000000add80000, 0x00000000e3700000)
  object space 58880K, 6% used [0x00000000aa400000,0x00000000aa7cec40,0x00000000add80000)
 Metaspace       used 14683K, capacity 14892K, committed 14976K, reserved 1062912K
  class space    used 1819K, capacity 1906K, committed 1920K, reserved 1048576K
Event: 38.426 GC heap after
Heap after GC invocations=4 (full 0):
 PSYoungGen      total 25600K, used 3568K [0x00000000e3700000, 0x00000000e5380000, 0x0000000100000000)
  eden space 22016K, 0% used [0x00000000e3700000,0x00000000e3700000,0x00000000e4c80000)
  from space 3584K, 99% used [0x00000000e5000000,0x00000000e537c030,0x00000000e5380000)
  to   space 3584K, 0% used [0x00000000e4c80000,0x00000000e4c80000,0x00000000e5000000)
 ParOldGen       total 58880K, used 7697K [0x00000000aa400000, 0x00000000add80000, 0x00000000e3700000)
  object space 58880K, 13% used [0x00000000aa400000,0x00000000aab844e0,0x00000000add80000)
 Metaspace       used 14683K, capacity 14892K, committed 14976K, reserved 1062912K
  class space    used 1819K, capacity 1906K, committed 1920K, reserved 1048576K
}
Event: 39.137 GC heap before
{Heap before GC invocations=5 (full 0):
 PSYoungGen      total 25600K, used 25584K [0x00000000e3700000, 0x00000000e5380000, 0x0000000100000000)
  eden space 22016K, 100% used [0x00000000e3700000,0x00000000e4c80000,0x00000000e4c80000)
  from space 3584K, 99% used [0x00000000e5000000,0x00000000e537c030,0x00000000e5380000)
  to   space 3584K, 0% used [0x00000000e4c80000,0x00000000e4c80000,0x00000000e5000000)
 ParOldGen       total 58880K, used 7697K [0x00000000aa400000, 0x00000000add80000, 0x00000000e3700000)
  object space 58880K, 13% used [0x00000000aa400000,0x00000000aab844e0,0x00000000add80000)
 Metaspace       used 14921K, capacity 15198K, committed 15360K, reserved 1062912K
  class space    used 1831K, capacity 1941K, committed 2048K, reserved 1048576K
Event: 39.166 GC heap after
Heap after GC invocations=5 (full 0):
 PSYoungGen      total 25600K, used 3568K [0x00000000e3700000, 0x00000000e7200000, 0x0000000100000000)
  eden space 22016K, 0% used [0x00000000e3700000,0x00000000e3700000,0x00000000e4c80000)
  from space 3584K, 99% used [0x00000000e4c80000,0x00000000e4ffc010,0x00000000e5000000)
  to   space 8192K, 0% used [0x00000000e6a00000,0x00000000e6a00000,0x00000000e7200000)
 ParOldGen       total 58880K, used 10547K [0x00000000aa400000, 0x00000000add80000, 0x00000000e3700000)
  object space 58880K, 17% used [0x00000000aa400000,0x00000000aae4ccc8,0x00000000add80000)
 Metaspace       used 14921K, capacity 15198K, committed 15360K, reserved 1062912K
  class space    used 1831K, capacity 1941K, committed 2048K, reserved 1048576K
}
Event: 39.956 GC heap before
{Heap before GC invocations=6 (full 0):
 PSYoungGen      total 25600K, used 25584K [0x00000000e3700000, 0x00000000e7200000, 0x0000000100000000)
  eden space 22016K, 100% used [0x00000000e3700000,0x00000000e4c80000,0x00000000e4c80000)
  from space 3584K, 99% used [0x00000000e4c80000,0x00000000e4ffc010,0x00000000e5000000)
  to   space 8192K, 0% used [0x00000000e6a00000,0x00000000e6a00000,0x00000000e7200000)
 ParOldGen       total 58880K, used 10547K [0x00000000aa400000, 0x00000000add80000, 0x00000000e3700000)
  object space 58880K, 17% used [0x00000000aa400000,0x00000000aae4ccc8,0x00000000add80000)
 Metaspace       used 15187K, capacity 15390K, committed 15616K, reserved 1062912K
  class space    used 1842K, capacity 1941K, committed 2048K, reserved 1048576K
Event: 39.986 GC heap after
Heap after GC invocations=6 (full 0):
 PSYoungGen      total 51712K, used 6944K [0x00000000e3700000, 0x00000000e7300000, 0x0000000100000000)
  eden space 43520K, 0% used [0x00000000e3700000,0x00000000e3700000,0x00000000e6180000)
  from space 8192K, 84% used [0x00000000e6a00000,0x00000000e70c8040,0x00000000e7200000)
  to   space 8704K, 0% used [0x00000000e6180000,0x00000000e6180000,0x00000000e6a00000)
 ParOldGen       total 58880K, used 10547K [0x00000000aa400000, 0x00000000add80000, 0x00000000e3700000)
  object space 58880K, 17% used [0x00000000aa400000,0x00000000aae4ccc8,0x00000000add80000)
 Metaspace       used 15187K, capacity 15390K, committed 15616K, reserved 1062912K
  class space    used 1842K, capacity 1941K, committed 2048K, reserved 1048576K
}
Event: 41.315 GC heap before
{Heap before GC invocations=7 (full 0):
 PSYoungGen      total 51712K, used 50464K [0x00000000e3700000, 0x00000000e7300000, 0x0000000100000000)
  eden space 43520K, 100% used [0x00000000e3700000,0x00000000e6180000,0x00000000e6180000)
  from space 8192K, 84% used [0x00000000e6a00000,0x00000000e70c8040,0x00000000e7200000)
  to   space 8704K, 0% used [0x00000000e6180000,0x00000000e6180000,0x00000000e6a00000)
 ParOldGen       total 58880K, used 10547K [0x00000000aa400000, 0x00000000add80000, 0x00000000e3700000)
  object space 58880K, 17% used [0x00000000aa400000,0x00000000aae4ccc8,0x00000000add80000)
 Metaspace       used 15469K, capacity 15754K, committed 15872K, reserved 1062912K
  class space    used 1864K, capacity 1975K, committed 2048K, reserved 1048576K
Event: 41.351 GC heap after
Heap after GC invocations=7 (full 0):
 PSYoungGen      total 52224K, used 8704K [0x00000000e3700000, 0x00000000ea100000, 0x0000000100000000)
  eden space 43520K, 0% used [0x00000000e3700000,0x00000000e3700000,0x00000000e6180000)
  from space 8704K, 100% used [0x00000000e6180000,0x00000000e6a00000,0x00000000e6a00000)
  to   space 10752K, 0% used [0x00000000e9680000,0x00000000e9680000,0x00000000ea100000)
 ParOldGen       total 58880K, used 12876K [0x00000000aa400000, 0x00000000add80000, 0x00000000e3700000)
  object space 58880K, 21% used [0x00000000aa400000,0x00000000ab0930e8,0x00000000add80000)
 Metaspace       used 15469K, capacity 15754K, committed 15872K, reserved 1062912K
  class space    used 1864K, capacity 1975K, committed 2048K, reserved 1048576K
}
Event: 42.123 GC heap before
{Heap before GC invocations=8 (full 0):
 PSYoungGen      total 52224K, used 52224K [0x00000000e3700000, 0x00000000ea100000, 0x0000000100000000)
  eden space 43520K, 100% used [0x00000000e3700000,0x00000000e6180000,0x00000000e6180000)
  from space 8704K, 100% used [0x00000000e6180000,0x00000000e6a00000,0x00000000e6a00000)
  to   space 10752K, 0% used [0x00000000e9680000,0x00000000e9680000,0x00000000ea100000)
 ParOldGen       total 58880K, used 12876K [0x00000000aa400000, 0x00000000add80000, 0x00000000e3700000)
  object space 58880K, 21% used [0x00000000aa400000,0x00000000ab0930e8,0x00000000add80000)
 Metaspace       used 15728K, capacity 15982K, committed 16128K, reserved 1062912K
  class space    used 1871K, capacity 1981K, committed 2048K, reserved 1048576K
Event: 42.181 GC heap after
Heap after GC invocations=8 (full 0):
 PSYoungGen      total 95744K, used 10752K [0x00000000e3700000, 0x00000000ea500000, 0x0000000100000000)
  eden space 84992K, 0% used [0x00000000e3700000,0x00000000e3700000,0x00000000e8a00000)
  from space 10752K, 100% used [0x00000000e9680000,0x00000000ea100000,0x00000000ea100000)
  to   space 12800K, 0% used [0x00000000e8a00000,0x00000000e8a00000,0x00000000e9680000)
 ParOldGen       total 58880K, used 14931K [0x00000000aa400000, 0x00000000add80000, 0x00000000e3700000)
  object space 58880K, 25% used [0x00000000aa400000,0x00000000ab294c70,0x00000000add80000)
 Metaspace       used 15728K, capacity 15982K, committed 16128K, reserved 1062912K
  class space    used 1871K, capacity 1981K, committed 2048K, reserved 1048576K
}

